cl : command line  warning D9002: ignoring unknown option '-std=c11'
cl : command line  warning D9002: ignoring unknown option '-lgdi32'
  cocoa_time.c
  glx_context.c
  linux_joystick.c
  null_init.c
  null_joystick.c
  null_monitor.c
  null_window.c
  platform.c
  posix_module.c
  posix_poll.c
  posix_thread.c
  posix_time.c
  win32_module.c
  wl_init.c
  wl_monitor.c
  wl_window.c
  x11_init.c
  x11_monitor.c
  x11_window.c
  xkb_unicode.c
  Generating Code...
  GLFW.vcxproj -> C:\Users\jonas\Dev\engine-cherno\Hazel\vendor\GLFW\bin\Debug-windows-x86_64\GLFW\GLFW.lib
